{"total": {"lines":{"total":1040,"covered":1013,"skipped":0,"pct":97.4},"statements":{"total":1040,"covered":1013,"skipped":0,"pct":97.4},"functions":{"total":53,"covered":51,"skipped":0,"pct":96.22},"branches":{"total":517,"covered":473,"skipped":0,"pct":91.48},"branchesTrue":{"total":0,"covered":0,"skipped":0,"pct":100}}
,"/home/runner/work/angel-dreamer-shop/angel-dreamer-shop/components/HorizontalCarousel.vue": {"lines":{"total":84,"covered":81,"skipped":0,"pct":96.42},"functions":{"total":6,"covered":6,"skipped":0,"pct":100},"statements":{"total":84,"covered":81,"skipped":0,"pct":96.42},"branches":{"total":44,"covered":39,"skipped":0,"pct":88.63}}
,"/home/runner/work/angel-dreamer-shop/angel-dreamer-shop/components/ProductCard.vue": {"lines":{"total":34,"covered":32,"skipped":0,"pct":94.11},"functions":{"total":1,"covered":1,"skipped":0,"pct":100},"statements":{"total":34,"covered":32,"skipped":0,"pct":94.11},"branches":{"total":14,"covered":13,"skipped":0,"pct":92.85}}
,"/home/runner/work/angel-dreamer-shop/angel-dreamer-shop/components/StoreHeader.vue": {"lines":{"total":34,"covered":34,"skipped":0,"pct":100},"functions":{"total":3,"covered":3,"skipped":0,"pct":100},"statements":{"total":34,"covered":34,"skipped":0,"pct":100},"branches":{"total":28,"covered":26,"skipped":0,"pct":92.85}}
,"/home/runner/work/angel-dreamer-shop/angel-dreamer-shop/composables/useShopCart.ts": {"lines":{"total":25,"covered":25,"skipped":0,"pct":100},"functions":{"total":4,"covered":4,"skipped":0,"pct":100},"statements":{"total":25,"covered":25,"skipped":0,"pct":100},"branches":{"total":14,"covered":14,"skipped":0,"pct":100}}
,"/home/runner/work/angel-dreamer-shop/angel-dreamer-shop/composables/useThemedImage.ts": {"lines":{"total":15,"covered":15,"skipped":0,"pct":100},"functions":{"total":2,"covered":2,"skipped":0,"pct":100},"statements":{"total":15,"covered":15,"skipped":0,"pct":100},"branches":{"total":9,"covered":9,"skipped":0,"pct":100}}
,"/home/runner/work/angel-dreamer-shop/angel-dreamer-shop/server/api/categories.get.ts": {"lines":{"total":6,"covered":6,"skipped":0,"pct":100},"functions":{"total":0,"covered":0,"skipped":0,"pct":100},"statements":{"total":6,"covered":6,"skipped":0,"pct":100},"branches":{"total":1,"covered":1,"skipped":0,"pct":100}}
,"/home/runner/work/angel-dreamer-shop/angel-dreamer-shop/server/api/content.get.ts": {"lines":{"total":11,"covered":11,"skipped":0,"pct":100},"functions":{"total":0,"covered":0,"skipped":0,"pct":100},"statements":{"total":11,"covered":11,"skipped":0,"pct":100},"branches":{"total":3,"covered":3,"skipped":0,"pct":100}}
,"/home/runner/work/angel-dreamer-shop/angel-dreamer-shop/server/api/universes.get.ts": {"lines":{"total":6,"covered":6,"skipped":0,"pct":100},"functions":{"total":0,"covered":0,"skipped":0,"pct":100},"statements":{"total":6,"covered":6,"skipped":0,"pct":100},"branches":{"total":1,"covered":1,"skipped":0,"pct":100}}
,"/home/runner/work/angel-dreamer-shop/angel-dreamer-shop/server/api/admin/me.get.ts": {"lines":{"total":5,"covered":5,"skipped":0,"pct":100},"functions":{"total":0,"covered":0,"skipped":0,"pct":100},"statements":{"total":5,"covered":5,"skipped":0,"pct":100},"branches":{"total":8,"covered":8,"skipped":0,"pct":100}}
,"/home/runner/work/angel-dreamer-shop/angel-dreamer-shop/server/api/auth/change-password.post.ts": {"lines":{"total":15,"covered":15,"skipped":0,"pct":100},"functions":{"total":0,"covered":0,"skipped":0,"pct":100},"statements":{"total":15,"covered":15,"skipped":0,"pct":100},"branches":{"total":6,"covered":5,"skipped":0,"pct":83.33}}
,"/home/runner/work/angel-dreamer-shop/angel-dreamer-shop/server/api/auth/login.post.ts": {"lines":{"total":21,"covered":21,"skipped":0,"pct":100},"functions":{"total":0,"covered":0,"skipped":0,"pct":100},"statements":{"total":21,"covered":21,"skipped":0,"pct":100},"branches":{"total":7,"covered":7,"skipped":0,"pct":100}}
,"/home/runner/work/angel-dreamer-shop/angel-dreamer-shop/server/api/auth/logout.post.ts": {"lines":{"total":20,"covered":20,"skipped":0,"pct":100},"functions":{"total":0,"covered":0,"skipped":0,"pct":100},"statements":{"total":20,"covered":20,"skipped":0,"pct":100},"branches":{"total":6,"covered":5,"skipped":0,"pct":83.33}}
,"/home/runner/work/angel-dreamer-shop/angel-dreamer-shop/server/api/auth/me.get.ts": {"lines":{"total":14,"covered":14,"skipped":0,"pct":100},"functions":{"total":0,"covered":0,"skipped":0,"pct":100},"statements":{"total":14,"covered":14,"skipped":0,"pct":100},"branches":{"total":5,"covered":5,"skipped":0,"pct":100}}
,"/home/runner/work/angel-dreamer-shop/angel-dreamer-shop/server/api/auth/profile.put.ts": {"lines":{"total":18,"covered":18,"skipped":0,"pct":100},"functions":{"total":0,"covered":0,"skipped":0,"pct":100},"statements":{"total":18,"covered":18,"skipped":0,"pct":100},"branches":{"total":9,"covered":8,"skipped":0,"pct":88.88}}
,"/home/runner/work/angel-dreamer-shop/angel-dreamer-shop/server/api/auth/register.post.ts": {"lines":{"total":30,"covered":30,"skipped":0,"pct":100},"functions":{"total":0,"covered":0,"skipped":0,"pct":100},"statements":{"total":30,"covered":30,"skipped":0,"pct":100},"branches":{"total":15,"covered":12,"skipped":0,"pct":80}}
,"/home/runner/work/angel-dreamer-shop/angel-dreamer-shop/server/api/auth/password-code/confirm.post.ts": {"lines":{"total":38,"covered":38,"skipped":0,"pct":100},"functions":{"total":0,"covered":0,"skipped":0,"pct":100},"statements":{"total":38,"covered":38,"skipped":0,"pct":100},"branches":{"total":38,"covered":38,"skipped":0,"pct":100}}
,"/home/runner/work/angel-dreamer-shop/angel-dreamer-shop/server/api/auth/password-code/request.post.ts": {"lines":{"total":27,"covered":27,"skipped":0,"pct":100},"functions":{"total":0,"covered":0,"skipped":0,"pct":100},"statements":{"total":27,"covered":27,"skipped":0,"pct":100},"branches":{"total":18,"covered":16,"skipped":0,"pct":88.88}}
,"/home/runner/work/angel-dreamer-shop/angel-dreamer-shop/server/api/checkout/paypal.post.ts": {"lines":{"total":38,"covered":38,"skipped":0,"pct":100},"functions":{"total":0,"covered":0,"skipped":0,"pct":100},"statements":{"total":38,"covered":38,"skipped":0,"pct":100},"branches":{"total":17,"covered":16,"skipped":0,"pct":94.11}}
,"/home/runner/work/angel-dreamer-shop/angel-dreamer-shop/server/api/checkout/stripe.post.ts": {"lines":{"total":32,"covered":32,"skipped":0,"pct":100},"functions":{"total":0,"covered":0,"skipped":0,"pct":100},"statements":{"total":32,"covered":32,"skipped":0,"pct":100},"branches":{"total":12,"covered":8,"skipped":0,"pct":66.66}}
,"/home/runner/work/angel-dreamer-shop/angel-dreamer-shop/server/api/checkout/paypal/capture.get.ts": {"lines":{"total":17,"covered":13,"skipped":0,"pct":76.47},"functions":{"total":0,"covered":0,"skipped":0,"pct":100},"statements":{"total":17,"covered":13,"skipped":0,"pct":76.47},"branches":{"total":6,"covered":4,"skipped":0,"pct":66.66}}
,"/home/runner/work/angel-dreamer-shop/angel-dreamer-shop/server/api/products/[slug].get.ts": {"lines":{"total":11,"covered":11,"skipped":0,"pct":100},"functions":{"total":0,"covered":0,"skipped":0,"pct":100},"statements":{"total":11,"covered":11,"skipped":0,"pct":100},"branches":{"total":2,"covered":2,"skipped":0,"pct":100}}
,"/home/runner/work/angel-dreamer-shop/angel-dreamer-shop/server/api/products/index.get.ts": {"lines":{"total":12,"covered":12,"skipped":0,"pct":100},"functions":{"total":0,"covered":0,"skipped":0,"pct":100},"statements":{"total":12,"covered":12,"skipped":0,"pct":100},"branches":{"total":5,"covered":5,"skipped":0,"pct":100}}
,"/home/runner/work/angel-dreamer-shop/angel-dreamer-shop/server/api/webhooks/stripe.post.ts": {"lines":{"total":17,"covered":12,"skipped":0,"pct":70.58},"functions":{"total":0,"covered":0,"skipped":0,"pct":100},"statements":{"total":17,"covered":12,"skipped":0,"pct":70.58},"branches":{"total":8,"covered":7,"skipped":0,"pct":87.5}}
,"/home/runner/work/angel-dreamer-shop/angel-dreamer-shop/server/middleware/security.ts": {"lines":{"total":9,"covered":9,"skipped":0,"pct":100},"functions":{"total":0,"covered":0,"skipped":0,"pct":100},"statements":{"total":9,"covered":9,"skipped":0,"pct":100},"branches":{"total":4,"covered":4,"skipped":0,"pct":100}}
,"/home/runner/work/angel-dreamer-shop/angel-dreamer-shop/server/routes/llms.txt.get.ts": {"lines":{"total":5,"covered":5,"skipped":0,"pct":100},"functions":{"total":0,"covered":0,"skipped":0,"pct":100},"statements":{"total":5,"covered":5,"skipped":0,"pct":100},"branches":{"total":1,"covered":1,"skipped":0,"pct":100}}
,"/home/runner/work/angel-dreamer-shop/angel-dreamer-shop/server/routes/robots.txt.get.ts": {"lines":{"total":9,"covered":9,"skipped":0,"pct":100},"functions":{"total":0,"covered":0,"skipped":0,"pct":100},"statements":{"total":9,"covered":9,"skipped":0,"pct":100},"branches":{"total":3,"covered":1,"skipped":0,"pct":33.33}}
,"/home/runner/work/angel-dreamer-shop/angel-dreamer-shop/server/routes/sitemap.xml.get.ts": {"lines":{"total":23,"covered":18,"skipped":0,"pct":78.26},"functions":{"total":1,"covered":1,"skipped":0,"pct":100},"statements":{"total":23,"covered":18,"skipped":0,"pct":78.26},"branches":{"total":9,"covered":6,"skipped":0,"pct":66.66}}
,"/home/runner/work/angel-dreamer-shop/angel-dreamer-shop/server/utils/auth.ts": {"lines":{"total":131,"covered":131,"skipped":0,"pct":100},"functions":{"total":10,"covered":10,"skipped":0,"pct":100},"statements":{"total":131,"covered":131,"skipped":0,"pct":100},"branches":{"total":50,"covered":43,"skipped":0,"pct":86}}
,"/home/runner/work/angel-dreamer-shop/angel-dreamer-shop/server/utils/checkout.ts": {"lines":{"total":31,"covered":31,"skipped":0,"pct":100},"functions":{"total":2,"covered":2,"skipped":0,"pct":100},"statements":{"total":31,"covered":31,"skipped":0,"pct":100},"branches":{"total":8,"covered":8,"skipped":0,"pct":100}}
,"/home/runner/work/angel-dreamer-shop/angel-dreamer-shop/server/utils/image-response.ts": {"lines":{"total":51,"covered":51,"skipped":0,"pct":100},"functions":{"total":2,"covered":2,"skipped":0,"pct":100},"statements":{"total":51,"covered":51,"skipped":0,"pct":100},"branches":{"total":34,"covered":33,"skipped":0,"pct":97.05}}
,"/home/runner/work/angel-dreamer-shop/angel-dreamer-shop/server/utils/llms-document.ts": {"lines":{"total":75,"covered":75,"skipped":0,"pct":100},"functions":{"total":4,"covered":4,"skipped":0,"pct":100},"statements":{"total":75,"covered":75,"skipped":0,"pct":100},"branches":{"total":30,"covered":28,"skipped":0,"pct":93.33}}
,"/home/runner/work/angel-dreamer-shop/angel-dreamer-shop/utils/admin-routing.ts": {"lines":{"total":78,"covered":78,"skipped":0,"pct":100},"functions":{"total":7,"covered":7,"skipped":0,"pct":100},"statements":{"total":78,"covered":78,"skipped":0,"pct":100},"branches":{"total":38,"covered":38,"skipped":0,"pct":100}}
,"/home/runner/work/angel-dreamer-shop/angel-dreamer-shop/utils/admin-validation.ts": {"lines":{"total":92,"covered":84,"skipped":0,"pct":91.3},"functions":{"total":10,"covered":8,"skipped":0,"pct":80},"statements":{"total":92,"covered":84,"skipped":0,"pct":91.3},"branches":{"total":60,"covered":55,"skipped":0,"pct":91.66}}
,"/home/runner/work/angel-dreamer-shop/angel-dreamer-shop/utils/seo-template.ts": {"lines":{"total":6,"covered":6,"skipped":0,"pct":100},"functions":{"total":1,"covered":1,"skipped":0,"pct":100},"statements":{"total":6,"covered":6,"skipped":0,"pct":100},"branches":{"total":4,"covered":4,"skipped":0,"pct":100}}
}
